<?xml version="1.0" encoding="UTF-8"?>
<!-- Generated by org.testng.reporters.JUnitXMLReporter -->
<testsuite ignored="0" hostname="nazmusnafis" failures="6" tests="32" name="Test" time="21.008" errors="0" timestamp="2025-06-25T23:30:46 CEST">
  <testcase classname="NegativeTests.NegativeTestsForCreateToken" name="createToken_InvalidPassword_ShouldFail" time="1.637"/>
  <testcase classname="NegativeTests.NegativeTestsForCreateToken" name="createToken_InvalidUsername_ShouldReturn403" time="0.589"/>
  <testcase classname="NegativeTests.NegativeTestsForCreateToken" name="createToken_MissingPassword_ShouldReturnError" time="0.565"/>
  <testcase classname="NegativeTests.NegativeTestsForDeleteBooking" name="deleteBooking_InvalidId_ShouldReturn404" time="1.322"/>
  <testcase classname="NegativeTests.NegativeTestsForDeleteBooking" name="deleteBooking_WithoutToken_ShouldFail" time="0.57"/>
  <testcase classname="SecurityTests.SecurityTestsForBookingCreation" name="createBooking_SQLInjectionAttempt_ShouldBeHandledSafely" time="0.562"/>
  <testcase classname="SecurityTests.SecurityTestsForBookingCreation" name="createBooking_XSSAttempt_ShouldNotExecuteScript" time="0.89">
    <failure type="java.lang.AssertionError" message="Wrong type of JSON expected [false] but found [true]">
      <![CDATA[java.lang.AssertionError: Wrong type of JSON expected [false] but found [true]
at SecurityTests.SecurityTestsForBookingCreation.createBooking_XSSAttempt_ShouldNotExecuteScript(SecurityTestsForBookingCreation.java:51)
at java.base/java.util.ArrayList.forEach(ArrayList.java:1596)
... Removed 28 stack frames]]>
    </failure>
  </testcase> <!-- createBooking_XSSAttempt_ShouldNotExecuteScript -->
  <testcase classname="NegativeTests.NegativeTestsForUpdateBooking" name="partialUpdateWithInvalidJson" time="0.585"/>
  <testcase classname="NegativeTests.NegativeTestsForUpdateBooking" name="partialUpdateWithoutToken" time="0.564"/>
  <testcase classname="SecurityTests.SecurityTestForDeleteBooking" name="deleteBooking_InvalidToken_ShouldBeForbidden" time="0.566"/>
  <testcase classname="SecurityTests.SecurityTestForDeleteBooking" name="deleteBooking_XSSAttempt_ShouldNotSucceed" time="0.562"/>
  <testcase classname="GetBookingIDList" name="getBookingIDs" time="0.6"/>
  <testcase classname="NegativeTests.NegativeTestForGetBookingDetails" name="getBooking_InvalidIdFormat_ShouldReturn404" time="0.564"/>
  <testcase classname="NegativeTests.NegativeTestForGetBookingDetails" name="getBooking_NonExistingId_ShouldReturn404" time="0.566"/>
  <testcase classname="NegativeTests.NegativeTestsForGetBookingId" name="getBookingIds_InvalidCheckinFormat_ShouldReturnEmptyList" time="0.572">
    <failure type="java.lang.AssertionError" message="Expected empty list for invalid date format. expected [0] but found [4]">
      <![CDATA[java.lang.AssertionError: Expected empty list for invalid date format. expected [0] but found [4]
at NegativeTests.NegativeTestsForGetBookingId.getBookingIds_InvalidCheckinFormat_ShouldReturnEmptyList(NegativeTestsForGetBookingId.java:28)
at java.base/java.util.ArrayList.forEach(ArrayList.java:1596)
... Removed 31 stack frames]]>
    </failure>
  </testcase> <!-- getBookingIds_InvalidCheckinFormat_ShouldReturnEmptyList -->
  <testcase classname="GetBookingDetails" name="getBookingDetails" time="0.579"/>
  <testcase classname="NegativeTests.NegativeTestForBookingCreation" name="createBooking_EmptyBody_ShouldFail" time="0.561"/>
  <testcase classname="NegativeTests.NegativeTestForBookingCreation" name="createBooking_InvalidJsonFormat_ShouldFail" time="0.561"/>
  <testcase classname="NegativeTests.NegativeTestForBookingCreation" name="createBooking_InvalidPriceType_ShouldFail" time="0.563">
    <failure type="java.lang.AssertionError" message="Expected failure due to invalid data type. Got: 200 expected [true] but found [false]">
      <![CDATA[java.lang.AssertionError: Expected failure due to invalid data type. Got: 200 expected [true] but found [false]
at NegativeTests.NegativeTestForBookingCreation.createBooking_InvalidPriceType_ShouldFail(NegativeTestForBookingCreation.java:42)
at java.base/java.util.ArrayList.forEach(ArrayList.java:1596)
... Removed 28 stack frames]]>
    </failure>
  </testcase> <!-- createBooking_InvalidPriceType_ShouldFail -->
  <testcase classname="NegativeTests.NegativeTestForBookingCreation" name="createBooking_MissingFirstName_ShouldFail" time="0.562"/>
  <testcase classname="CreateBooking" name="createBooking" time="0.576"/>
  <testcase classname="CreateBooking" name="createBooking" time="0.584"/>
  <testcase classname="CreateBooking" name="createBooking" time="0.568"/>
  <testcase classname="NegativeTests.NegativeTestsForDeleteBooking" name="deleteBooking_Twice_ShouldFailSecondTime" time="1.133"/>
  <testcase classname="SecurityTests.SecurityTestsForGetToken" name="createToken_SQLInjectionAttempt_ShouldFail" time="0.569"/>
  <testcase classname="SecurityTests.SecurityTestsForGetToken" name="createToken_WithoutContentTypeHeader_ShouldFailGracefully" time="0.564"/>
  <testcase classname="SecurityTests.SecurityTestsForGetToken" name="createToken_XSSInjection_ShouldBeHandled" time="0.562"/>
  <testcase classname="GetToken" name="createToken" time="0.559"/>
  <testcase classname="PartialUpdateBooking" name="partialUpdateBooking" time="0.575">
    <failure type="java.lang.AssertionError" message="1 expectation failed.
Expected status code &amp;lt;200&amp;gt; but was &amp;lt;405&amp;gt;.
">
      <![CDATA[java.lang.AssertionError: 1 expectation failed.
Expected status code <200> but was <405>.

at org.codehaus.groovy.runtime.callsite.ConstructorSite$ConstructorSiteNoUnwrapNoCoerce.callConstructor(ConstructorSite.java:108)
at org.codehaus.groovy.runtime.callsite.CallSiteArray.defaultCallConstructor(CallSiteArray.java:57)
at org.codehaus.groovy.runtime.callsite.AbstractCallSite.callConstructor(AbstractCallSite.java:263)
at org.codehaus.groovy.runtime.callsite.AbstractCallSite.callConstructor(AbstractCallSite.java:277)
at io.restassured.internal.ResponseSpecificationImpl$HamcrestAssertionClosure.validate(ResponseSpecificationImpl.groovy:512)
at io.restassured.internal.ResponseSpecificationImpl$HamcrestAssertionClosure$validate$1.call(Unknown Source)
at io.restassured.internal.ResponseSpecificationImpl.validateResponseIfRequired(ResponseSpecificationImpl.groovy:696)
at io.restassured.internal.ResponseSpecificationImpl.this$2$validateResponseIfRequired(ResponseSpecificationImpl.groovy)
at org.codehaus.groovy.runtime.callsite.PlainObjectMetaMethodSite.doInvoke(PlainObjectMetaMethodSite.java:43)
at org.codehaus.groovy.runtime.callsite.PogoMetaMethodSite$PogoCachedMethodSiteNoUnwrapNoCoerce.invoke(PogoMetaMethodSite.java:198)
at org.codehaus.groovy.runtime.callsite.PogoMetaMethodSite.callCurrent(PogoMetaMethodSite.java:62)
at org.codehaus.groovy.runtime.callsite.AbstractCallSite.callCurrent(AbstractCallSite.java:185)
at io.restassured.internal.ResponseSpecificationImpl.statusCode(ResponseSpecificationImpl.groovy:135)
at io.restassured.specification.ResponseSpecification$statusCode$0.callCurrent(Unknown Source)
at io.restassured.internal.ResponseSpecificationImpl.statusCode(ResponseSpecificationImpl.groovy:143)
at io.restassured.internal.ValidatableResponseOptionsImpl.statusCode(ValidatableResponseOptionsImpl.java:89)
at PartialUpdateBooking.partialUpdateBooking(PartialUpdateBooking.java:36)
at java.base/java.util.ArrayList.forEach(ArrayList.java:1596)
... Removed 31 stack frames]]>
    </failure>
  </testcase> <!-- partialUpdateBooking -->
  <testcase classname="DeleteBooking" name="deleteBooking" time="0.568">
    <failure type="java.lang.AssertionError" message="1 expectation failed.
Expected status code (is &amp;lt;200&amp;gt; or is &amp;lt;201&amp;gt;) but was &amp;lt;405&amp;gt;.
">
      <![CDATA[java.lang.AssertionError: 1 expectation failed.
Expected status code (is <200> or is <201>) but was <405>.

at org.codehaus.groovy.runtime.callsite.ConstructorSite$ConstructorSiteNoUnwrapNoCoerce.callConstructor(ConstructorSite.java:108)
at org.codehaus.groovy.runtime.callsite.AbstractCallSite.callConstructor(AbstractCallSite.java:277)
at io.restassured.internal.ResponseSpecificationImpl$HamcrestAssertionClosure.validate(ResponseSpecificationImpl.groovy:512)
at io.restassured.internal.ResponseSpecificationImpl$HamcrestAssertionClosure$validate$1.call(Unknown Source)
at io.restassured.internal.ResponseSpecificationImpl.validateResponseIfRequired(ResponseSpecificationImpl.groovy:696)
at io.restassured.internal.ResponseSpecificationImpl.this$2$validateResponseIfRequired(ResponseSpecificationImpl.groovy)
at org.codehaus.groovy.runtime.callsite.PlainObjectMetaMethodSite.doInvoke(PlainObjectMetaMethodSite.java:43)
at org.codehaus.groovy.runtime.callsite.PogoMetaMethodSite$PogoCachedMethodSiteNoUnwrapNoCoerce.invoke(PogoMetaMethodSite.java:198)
at org.codehaus.groovy.runtime.callsite.PogoMetaMethodSite.callCurrent(PogoMetaMethodSite.java:62)
at org.codehaus.groovy.runtime.callsite.AbstractCallSite.callCurrent(AbstractCallSite.java:185)
at io.restassured.internal.ResponseSpecificationImpl.statusCode(ResponseSpecificationImpl.groovy:135)
at io.restassured.internal.ValidatableResponseOptionsImpl.statusCode(ValidatableResponseOptionsImpl.java:84)
at DeleteBooking.deleteBooking(DeleteBooking.java:44)
at java.base/java.util.ArrayList.forEach(ArrayList.java:1596)
... Removed 31 stack frames]]>
    </failure>
  </testcase> <!-- deleteBooking -->
  <testcase classname="SecurityTests.SecurityTestForGetBookingDetails" name="getBooking_XSSInjection_ShouldFail" time="0.56"/>
  <testcase classname="UpdateBooking" name="updateAllBookings" time="0.568">
    <failure type="java.lang.AssertionError" message="1 expectation failed.
Expected status code &amp;lt;200&amp;gt; but was &amp;lt;405&amp;gt;.
">
      <![CDATA[java.lang.AssertionError: 1 expectation failed.
Expected status code <200> but was <405>.

at org.codehaus.groovy.runtime.callsite.ConstructorSite$ConstructorSiteNoUnwrapNoCoerce.callConstructor(ConstructorSite.java:108)
at org.codehaus.groovy.runtime.callsite.AbstractCallSite.callConstructor(AbstractCallSite.java:277)
at io.restassured.internal.ResponseSpecificationImpl$HamcrestAssertionClosure.validate(ResponseSpecificationImpl.groovy:512)
at io.restassured.internal.ResponseSpecificationImpl$HamcrestAssertionClosure$validate$1.call(Unknown Source)
at io.restassured.internal.ResponseSpecificationImpl.validateResponseIfRequired(ResponseSpecificationImpl.groovy:696)
at io.restassured.internal.ResponseSpecificationImpl.this$2$validateResponseIfRequired(ResponseSpecificationImpl.groovy)
at org.codehaus.groovy.runtime.callsite.PlainObjectMetaMethodSite.doInvoke(PlainObjectMetaMethodSite.java:43)
at org.codehaus.groovy.runtime.callsite.PogoMetaMethodSite$PogoCachedMethodSiteNoUnwrapNoCoerce.invoke(PogoMetaMethodSite.java:198)
at org.codehaus.groovy.runtime.callsite.PogoMetaMethodSite.callCurrent(PogoMetaMethodSite.java:62)
at org.codehaus.groovy.runtime.callsite.AbstractCallSite.callCurrent(AbstractCallSite.java:185)
at io.restassured.internal.ResponseSpecificationImpl.statusCode(ResponseSpecificationImpl.groovy:135)
at io.restassured.specification.ResponseSpecification$statusCode$0.callCurrent(Unknown Source)
at io.restassured.internal.ResponseSpecificationImpl.statusCode(ResponseSpecificationImpl.groovy:143)
at io.restassured.internal.ValidatableResponseOptionsImpl.statusCode(ValidatableResponseOptionsImpl.java:89)
at UpdateBooking.updateAllBookings(UpdateBooking.java:41)
at java.base/java.util.ArrayList.forEach(ArrayList.java:1596)
... Removed 31 stack frames]]>
    </failure>
  </testcase> <!-- updateAllBookings -->
</testsuite> <!-- Test -->
